SF:lib\core\error\exceptions.dart
DA:4,2
LF:1
LH:1
end_of_record
SF:lib\features\common\data\data_sources\api\github_api.g.dart
DA:10,0
DA:11,0
DA:12,0
DA:20,0
DA:21,0
DA:23,0
DA:24,0
DA:25,0
DA:27,0
DA:29,0
DA:31,0
DA:33,0
DA:34,0
DA:39,0
DA:40,0
DA:42,0
DA:43,0
DA:44,0
DA:46,0
DA:48,0
DA:50,0
DA:52,0
DA:53,0
LF:23
LH:0
end_of_record
SF:lib\features\common\data\data_sources\api\github_api.dart
DA:14,0
DA:15,0
DA:16,0
DA:18,0
LF:4
LH:0
end_of_record
SF:lib\features\common\data\data_sources\api\search_user_result_dto.dart
DA:16,1
DA:18,0
DA:19,0
LF:3
LH:1
end_of_record
SF:lib\features\common\data\data_sources\api\search_user_result_dto.g.dart
DA:9,0
DA:10,0
DA:11,0
DA:12,0
DA:13,0
DA:14,0
DA:15,0
DA:16,0
DA:20,0
DA:22,0
DA:23,0
DA:24,0
DA:25,0
LF:13
LH:0
end_of_record
SF:lib\features\common\data\data_sources\api\user_dto.dart
DA:27,1
DA:40,0
DA:41,0
DA:42,0
DA:44,1
DA:45,1
DA:46,1
DA:47,1
DA:48,1
DA:49,1
DA:50,1
DA:51,1
DA:52,1
DA:53,1
DA:54,1
DA:55,1
LF:16
LH:13
end_of_record
SF:lib\features\common\data\data_sources\api\user_dto.g.dart
DA:9,0
DA:10,0
DA:11,0
DA:12,0
DA:13,0
DA:14,0
DA:15,0
DA:16,0
DA:17,0
DA:18,0
DA:19,0
DA:20,0
DA:24,0
DA:25,0
DA:26,0
DA:27,0
DA:28,0
DA:29,0
DA:30,0
DA:31,0
DA:32,0
DA:33,0
DA:34,0
LF:23
LH:0
end_of_record
SF:lib\features\common\data\data_sources\api\user_remote_data_source_impl.dart
DA:11,1
DA:14,1
DA:16,2
DA:17,1
DA:18,0
DA:19,1
DA:20,1
DA:25,1
DA:27,2
DA:28,1
DA:29,0
DA:30,1
DA:31,1
DA:35,1
DA:36,3
DA:37,2
DA:39,2
DA:40,6
DA:42,1
DA:46,1
DA:47,3
DA:48,2
DA:49,2
DA:50,2
DA:52,1
LF:25
LH:23
end_of_record
SF:lib\features\common\data\models\user_model.dart
DA:5,2
DA:16,2
DA:29,2
DA:30,1
DA:31,1
DA:32,1
DA:33,1
DA:34,1
DA:35,1
DA:36,1
DA:37,1
DA:38,1
DA:39,1
LF:13
LH:13
end_of_record
SF:lib\core\infra\network_info.dart
DA:10,0
DA:12,0
DA:13,0
LF:3
LH:0
end_of_record
SF:lib\features\common\domain\entities\user.dart
DA:16,3
DA:29,2
DA:30,2
DA:31,2
DA:32,2
DA:33,2
DA:34,2
DA:35,2
DA:36,2
DA:37,2
DA:38,2
DA:39,2
DA:40,2
LF:13
LH:13
end_of_record
SF:lib\core\error\failures.dart
DA:5,10
DA:7,1
DA:14,5
DA:16,1
DA:17,2
LF:5
LH:5
end_of_record
SF:lib\features\common\data\repositories\user_repository_impl.dart
DA:13,1
DA:16,1
DA:17,3
DA:20,3
DA:21,1
DA:22,1
DA:23,3
DA:26,2
DA:31,1
DA:32,3
DA:35,3
DA:36,2
DA:37,1
DA:38,3
DA:41,2
LF:15
LH:15
end_of_record
SF:lib\features\user_detail\domain\usecases\get_user_detail.dart
DA:12,1
DA:14,1
DA:16,3
DA:23,2
DA:25,0
DA:26,0
LF:6
LH:4
end_of_record
SF:lib\core\domain\usecases.dart
DA:12,0
DA:13,0
LF:2
LH:0
end_of_record
SF:lib\features\user_detail\presentation\cubits\user_detail_state.dart
DA:4,1
DA:6,1
DA:7,1
DA:16,1
DA:18,1
DA:19,2
DA:25,1
DA:27,1
DA:28,2
LF:9
LH:9
end_of_record
SF:lib\features\user_detail\presentation\cubits\user_detail_cubit.dart
DA:11,3
DA:15,1
DA:16,2
DA:17,4
DA:18,1
DA:19,4
DA:20,3
DA:24,1
LF:8
LH:8
end_of_record
SF:lib\features\user_search\domain\usecases\search_users.dart
DA:12,1
DA:14,1
DA:16,3
DA:23,1
DA:25,0
DA:26,0
LF:6
LH:4
end_of_record
SF:lib\features\user_search\presentation\cubits\user_search_cubit.dart
DA:13,3
DA:15,1
DA:16,2
DA:17,4
DA:18,1
DA:19,4
DA:20,3
DA:24,1
LF:8
LH:8
end_of_record
SF:lib\features\user_search\presentation\cubits\user_search_state.dart
DA:4,1
DA:6,1
DA:7,1
DA:16,1
DA:18,1
DA:19,2
DA:25,1
DA:27,1
DA:28,2
LF:9
LH:9
end_of_record
